<?xml version="1.0" encoding="UTF-8"?>
<!-- Generated by org.testng.reporters.JUnitReportReporter -->
<testsuite skipped="0" hostname="GREENY" name="someNewPack.main" tests="1" failures="0" timestamp="02 Feb 2018 13:35:21 GMT" time="25.209" errors="0">
  <testcase name="firstTest" time="25.209" classname="someNewPack.main"/>
</testsuite> <!-- someNewPack.main -->
